# JRE version: OpenJDK Runtime Environment (8.0_222-b10) (build 1.8.0_222-8u222-b10-1ubuntu1~16.04.1-b10)
# Java VM: OpenJDK 64-Bit Server VM (25.222-b10 mixed mode linux-amd64 compressed oops)
Heap:
 PSYoungGen      total 3619328K, used 0K [0x00000006c0000000, 0x00000007c0000000, 0x00000007c0000000)
  eden space 3152896K, 0% used [0x00000006c0000000,0x00000006c0000000,0x0000000780700000)
  from space 466432K, 0% used [0x0000000780700000,0x0000000780700000,0x000000079ce80000)
  to   space 439808K, 0% used [0x00000007a5280000,0x00000007a5280000,0x00000007c0000000)
 ParOldGen       total 1243136K, used 1168016K [0x00000004c0000000, 0x000000050be00000, 0x00000006c0000000)
  object space 1243136K, 93% used [0x00000004c0000000,0x00000005074a42d0,0x000000050be00000)
 Metaspace       used 15450K, capacity 15826K, committed 16128K, reserved 1062912K
  class space    used 1591K, capacity 1680K, committed 1792K, reserved 1048576K
GC Heap History (10 events):
Event: 93.298 GC heap after
Heap after GC invocations=11 (full 1):
 PSYoungGen      total 2699264K, used 111318K [0x00000006c0000000, 0x0000000799180000, 0x00000007c0000000)
  eden space 2587648K, 0% used [0x00000006c0000000,0x00000006c0000000,0x000000075df00000)
  from space 111616K, 99% used [0x0000000792480000,0x0000000799135888,0x0000000799180000)
  to   space 190976K, 0% used [0x0000000781c80000,0x0000000781c80000,0x000000078d700000)
 ParOldGen       total 636416K, used 355891K [0x00000004c0000000, 0x00000004e6d80000, 0x00000006c0000000)
  object space 636416K, 55% used [0x00000004c0000000,0x00000004d5b8cde8,0x00000004e6d80000)
 Metaspace       used 15091K, capacity 15432K, committed 15616K, reserved 1062912K
  class space    used 1577K, capacity 1679K, committed 1792K, reserved 1048576K
}
Event: 130.770 GC heap before
{Heap before GC invocations=12 (full 1):
 PSYoungGen      total 2699264K, used 2698966K [0x00000006c0000000, 0x0000000799180000, 0x00000007c0000000)
  eden space 2587648K, 100% used [0x00000006c0000000,0x000000075df00000,0x000000075df00000)
  from space 111616K, 99% used [0x0000000792480000,0x0000000799135888,0x0000000799180000)
  to   space 190976K, 0% used [0x0000000781c80000,0x0000000781c80000,0x000000078d700000)
 ParOldGen       total 636416K, used 355891K [0x00000004c0000000, 0x00000004e6d80000, 0x00000006c0000000)
  object space 636416K, 55% used [0x00000004c0000000,0x00000004d5b8cde8,0x00000004e6d80000)
 Metaspace       used 15377K, capacity 15756K, committed 15872K, reserved 1062912K
  class space    used 1586K, capacity 1679K, committed 1792K, reserved 1048576K
Event: 131.506 GC heap after
Heap after GC invocations=12 (full 1):
 PSYoungGen      total 3365888K, used 190944K [0x00000006c0000000, 0x00000007b2700000, 0x00000007c0000000)
  eden space 3174912K, 0% used [0x00000006c0000000,0x00000006c0000000,0x0000000781c80000)
  from space 190976K, 99% used [0x0000000781c80000,0x000000078d6f80d0,0x000000078d700000)
  to   space 352768K, 0% used [0x000000079ce80000,0x000000079ce80000,0x00000007b2700000)
 ParOldGen       total 720896K, used 719124K [0x00000004c0000000, 0x00000004ec000000, 0x00000006c0000000)
  object space 720896K, 99% used [0x00000004c0000000,0x00000004ebe45088,0x00000004ec000000)
 Metaspace       used 15377K, capacity 15756K, committed 15872K, reserved 1062912K
  class space    used 1586K, capacity 1679K, committed 1792K, reserved 1048576K
}
Event: 131.506 GC heap before
{Heap before GC invocations=13 (full 2):
 PSYoungGen      total 3365888K, used 190944K [0x00000006c0000000, 0x00000007b2700000, 0x00000007c0000000)
  eden space 3174912K, 0% used [0x00000006c0000000,0x00000006c0000000,0x0000000781c80000)
  from space 190976K, 99% used [0x0000000781c80000,0x000000078d6f80d0,0x000000078d700000)
  to   space 352768K, 0% used [0x000000079ce80000,0x000000079ce80000,0x00000007b2700000)
 ParOldGen       total 720896K, used 719124K [0x00000004c0000000, 0x00000004ec000000, 0x00000006c0000000)
  object space 720896K, 99% used [0x00000004c0000000,0x00000004ebe45088,0x00000004ec000000)
 Metaspace       used 15377K, capacity 15756K, committed 15872K, reserved 1062912K
  class space    used 1586K, capacity 1679K, committed 1792K, reserved 1048576K
Event: 134.321 GC heap after
Heap after GC invocations=13 (full 2):
 PSYoungGen      total 3365888K, used 117300K [0x00000006c0000000, 0x00000007b2700000, 0x00000007c0000000)
  eden space 3174912K, 0% used [0x00000006c0000000,0x00000006c0000000,0x0000000781c80000)
  from space 190976K, 61% used [0x0000000781c80000,0x0000000788f0d280,0x000000078d700000)
  to   space 352768K, 0% used [0x000000079ce80000,0x000000079ce80000,0x00000007b2700000)
 ParOldGen       total 1243136K, used 720671K [0x00000004c0000000, 0x000000050be00000, 0x00000006c0000000)
  object space 1243136K, 57% used [0x00000004c0000000,0x00000004ebfc7ef8,0x000000050be00000)
 Metaspace       used 15377K, capacity 15756K, committed 15872K, reserved 1062912K
  class space    used 1586K, capacity 1679K, committed 1792K, reserved 1048576K
}
Event: 160.889 GC heap before
{Heap before GC invocations=14 (full 2):
 PSYoungGen      total 3365888K, used 3292212K [0x00000006c0000000, 0x00000007b2700000, 0x00000007c0000000)
  eden space 3174912K, 100% used [0x00000006c0000000,0x0000000781c80000,0x0000000781c80000)
  from space 190976K, 61% used [0x0000000781c80000,0x0000000788f0d280,0x000000078d700000)
  to   space 352768K, 0% used [0x000000079ce80000,0x000000079ce80000,0x00000007b2700000)
 ParOldGen       total 1243136K, used 720671K [0x00000004c0000000, 0x000000050be00000, 0x00000006c0000000)
  object space 1243136K, 57% used [0x00000004c0000000,0x00000004ebfc7ef8,0x000000050be00000)
 Metaspace       used 15448K, capacity 15820K, committed 16128K, reserved 1062912K
  class space    used 1590K, capacity 1679K, committed 1792K, reserved 1048576K
Event: 163.332 GC heap after
Heap after GC invocations=14 (full 2):
 PSYoungGen      total 3505664K, used 352759K [0x00000006c0000000, 0x00000007c0000000, 0x00000007c0000000)
  eden space 3152896K, 0% used [0x00000006c0000000,0x00000006c0000000,0x0000000780700000)
  from space 352768K, 99% used [0x000000079ce80000,0x00000007b26fdd60,0x00000007b2700000)
  to   space 466432K, 0% used [0x0000000780700000,0x0000000780700000,0x000000079ce80000)
 ParOldGen       total 1243136K, used 868544K [0x00000004c0000000, 0x000000050be00000, 0x00000006c0000000)
  object space 1243136K, 69% used [0x00000004c0000000,0x00000004f5030150,0x000000050be00000)
 Metaspace       used 15448K, capacity 15820K, committed 16128K, reserved 1062912K
  class space    used 1590K, capacity 1679K, committed 1792K, reserved 1048576K
}
Event: 183.099 GC heap before
{Heap before GC invocations=15 (full 2):
 PSYoungGen      total 3505664K, used 3505655K [0x00000006c0000000, 0x00000007c0000000, 0x00000007c0000000)
  eden space 3152896K, 100% used [0x00000006c0000000,0x0000000780700000,0x0000000780700000)
  from space 352768K, 99% used [0x000000079ce80000,0x00000007b26fdd60,0x00000007b2700000)
  to   space 466432K, 0% used [0x0000000780700000,0x0000000780700000,0x000000079ce80000)
 ParOldGen       total 1243136K, used 868544K [0x00000004c0000000, 0x000000050be00000, 0x00000006c0000000)
  object space 1243136K, 69% used [0x00000004c0000000,0x00000004f5030150,0x000000050be00000)
 Metaspace       used 15450K, capacity 15826K, committed 16128K, reserved 1062912K
  class space    used 1591K, capacity 1680K, committed 1792K, reserved 1048576K
Event: 185.406 GC heap after
Heap after GC invocations=15 (full 2):
 PSYoungGen      total 3619328K, used 154747K [0x00000006c0000000, 0x00000007c0000000, 0x00000007c0000000)
  eden space 3152896K, 0% used [0x00000006c0000000,0x00000006c0000000,0x0000000780700000)
  from space 466432K, 33% used [0x0000000780700000,0x0000000789e1ec70,0x000000079ce80000)
  to   space 439808K, 0% used [0x00000007a5280000,0x00000007a5280000,0x00000007c0000000)
 ParOldGen       total 1243136K, used 1170878K [0x00000004c0000000, 0x000000050be00000, 0x00000006c0000000)
  object space 1243136K, 94% used [0x00000004c0000000,0x000000050776f8f0,0x000000050be00000)
 Metaspace       used 15450K, capacity 15826K, committed 16128K, reserved 1062912K
  class space    used 1591K, capacity 1680K, committed 1792K, reserved 1048576K
}
Event: 185.407 GC heap before
{Heap before GC invocations=16 (full 3):
 PSYoungGen      total 3619328K, used 154747K [0x00000006c0000000, 0x00000007c0000000, 0x00000007c0000000)
  eden space 3152896K, 0% used [0x00000006c0000000,0x00000006c0000000,0x0000000780700000)
  from space 466432K, 33% used [0x0000000780700000,0x0000000789e1ec70,0x000000079ce80000)
  to   space 439808K, 0% used [0x00000007a5280000,0x00000007a5280000,0x00000007c0000000)
 ParOldGen       total 1243136K, used 1170878K [0x00000004c0000000, 0x000000050be00000, 0x00000006c0000000)
  object space 1243136K, 94% used [0x00000004c0000000,0x000000050776f8f0,0x000000050be00000)
 Metaspace       used 15450K, capacity 15826K, committed 16128K, reserved 1062912K
  class space    used 1591K, capacity 1680K, committed 1792K, reserved 1048576K

