# JRE version: OpenJDK Runtime Environment (8.0_222-b10) (build 1.8.0_222-8u222-b10-1ubuntu1~16.04.1-b10)
# Java VM: OpenJDK 64-Bit Server VM (25.222-b10 mixed mode linux-amd64 compressed oops)
Heap:
 PSYoungGen      total 2605568K, used 0K [0x00000006c0000000, 0x000000079c700000, 0x00000007c0000000)
  eden space 2392064K, 0% used [0x00000006c0000000,0x00000006c0000000,0x0000000752000000)
  from space 213504K, 0% used [0x0000000752000000,0x0000000752000000,0x000000075f080000)
  to   space 370176K, 64% used [0x0000000785d80000,0x0000000794745310,0x000000079c700000)
 ParOldGen       total 1698304K, used 1698131K [0x00000004c0000000, 0x0000000527a80000, 0x00000006c0000000)
  object space 1698304K, 99% used [0x00000004c0000000,0x0000000527a54cb0,0x0000000527a80000)
 Metaspace       used 11601K, capacity 11748K, committed 12032K, reserved 1060864K
  class space    used 1139K, capacity 1208K, committed 1280K, reserved 1048576K
GC Heap History (10 events):
Event: 38.168 GC heap after
Heap after GC invocations=10 (full 1):
 PSYoungGen      total 2179584K, used 120346K [0x00000006c0000000, 0x0000000769700000, 0x00000007c0000000)
  eden space 2017280K, 0% used [0x00000006c0000000,0x00000006c0000000,0x000000073b200000)
  from space 162304K, 74% used [0x000000073b200000,0x0000000742786b18,0x0000000745080000)
  to   space 170496K, 0% used [0x000000075f080000,0x000000075f080000,0x0000000769700000)
 ParOldGen       total 640000K, used 341536K [0x00000004c0000000, 0x00000004e7100000, 0x00000006c0000000)
  object space 640000K, 53% used [0x00000004c0000000,0x00000004d4d88158,0x00000004e7100000)
 Metaspace       used 11172K, capacity 11328K, committed 11520K, reserved 1058816K
  class space    used 1124K, capacity 1176K, committed 1280K, reserved 1048576K
}
Event: 49.283 GC heap before
{Heap before GC invocations=11 (full 1):
 PSYoungGen      total 2179584K, used 2137626K [0x00000006c0000000, 0x0000000769700000, 0x00000007c0000000)
  eden space 2017280K, 100% used [0x00000006c0000000,0x000000073b200000,0x000000073b200000)
  from space 162304K, 74% used [0x000000073b200000,0x0000000742786b18,0x0000000745080000)
  to   space 170496K, 0% used [0x000000075f080000,0x000000075f080000,0x0000000769700000)
 ParOldGen       total 640000K, used 341536K [0x00000004c0000000, 0x00000004e7100000, 0x00000006c0000000)
  object space 640000K, 53% used [0x00000004c0000000,0x00000004d4d88158,0x00000004e7100000)
 Metaspace       used 11263K, capacity 11392K, committed 11776K, reserved 1060864K
  class space    used 1124K, capacity 1176K, committed 1280K, reserved 1048576K
Event: 49.441 GC heap after
Heap after GC invocations=11 (full 1):
 PSYoungGen      total 2562560K, used 170480K [0x00000006c0000000, 0x000000076c880000, 0x00000007c0000000)
  eden space 2392064K, 0% used [0x00000006c0000000,0x00000006c0000000,0x0000000752000000)
  from space 170496K, 99% used [0x000000075f080000,0x00000007696fc0d0,0x0000000769700000)
  to   space 213504K, 0% used [0x0000000752000000,0x0000000752000000,0x000000075f080000)
 ParOldGen       total 640000K, used 391594K [0x00000004c0000000, 0x00000004e7100000, 0x00000006c0000000)
  object space 640000K, 61% used [0x00000004c0000000,0x00000004d7e6abc0,0x00000004e7100000)
 Metaspace       used 11263K, capacity 11392K, committed 11776K, reserved 1060864K
  class space    used 1124K, capacity 1176K, committed 1280K, reserved 1048576K
}
Event: 61.664 GC heap before
{Heap before GC invocations=12 (full 1):
 PSYoungGen      total 2562560K, used 2562544K [0x00000006c0000000, 0x000000076c880000, 0x00000007c0000000)
  eden space 2392064K, 100% used [0x00000006c0000000,0x0000000752000000,0x0000000752000000)
  from space 170496K, 99% used [0x000000075f080000,0x00000007696fc0d0,0x0000000769700000)
  to   space 213504K, 0% used [0x0000000752000000,0x0000000752000000,0x000000075f080000)
 ParOldGen       total 640000K, used 391594K [0x00000004c0000000, 0x00000004e7100000, 0x00000006c0000000)
  object space 640000K, 61% used [0x00000004c0000000,0x00000004d7e6abc0,0x00000004e7100000)
 Metaspace       used 11479K, capacity 11588K, committed 11776K, reserved 1060864K
  class space    used 1130K, capacity 1176K, committed 1280K, reserved 1048576K
Event: 62.075 GC heap after
Heap after GC invocations=12 (full 1):
 PSYoungGen      total 2605568K, used 213472K [0x00000006c0000000, 0x000000079c700000, 0x00000007c0000000)
  eden space 2392064K, 0% used [0x00000006c0000000,0x00000006c0000000,0x0000000752000000)
  from space 213504K, 99% used [0x0000000752000000,0x000000075f078090,0x000000075f080000)
  to   space 370176K, 0% used [0x0000000785d80000,0x0000000785d80000,0x000000079c700000)
 ParOldGen       total 728576K, used 728524K [0x00000004c0000000, 0x00000004ec780000, 0x00000006c0000000)
  object space 728576K, 99% used [0x00000004c0000000,0x00000004ec773138,0x00000004ec780000)
 Metaspace       used 11479K, capacity 11588K, committed 11776K, reserved 1060864K
  class space    used 1130K, capacity 1176K, committed 1280K, reserved 1048576K
}
Event: 62.075 GC heap before
{Heap before GC invocations=13 (full 2):
 PSYoungGen      total 2605568K, used 213472K [0x00000006c0000000, 0x000000079c700000, 0x00000007c0000000)
  eden space 2392064K, 0% used [0x00000006c0000000,0x00000006c0000000,0x0000000752000000)
  from space 213504K, 99% used [0x0000000752000000,0x000000075f078090,0x000000075f080000)
  to   space 370176K, 0% used [0x0000000785d80000,0x0000000785d80000,0x000000079c700000)
 ParOldGen       total 728576K, used 728524K [0x00000004c0000000, 0x00000004ec780000, 0x00000006c0000000)
  object space 728576K, 99% used [0x00000004c0000000,0x00000004ec773138,0x00000004ec780000)
 Metaspace       used 11479K, capacity 11588K, committed 11776K, reserved 1060864K
  class space    used 1130K, capacity 1176K, committed 1280K, reserved 1048576K
Event: 64.566 GC heap after
Heap after GC invocations=13 (full 2):
 PSYoungGen      total 2605568K, used 53322K [0x00000006c0000000, 0x000000079c700000, 0x00000007c0000000)
  eden space 2392064K, 0% used [0x00000006c0000000,0x00000006c0000000,0x0000000752000000)
  from space 213504K, 24% used [0x0000000752000000,0x00000007554128d8,0x000000075f080000)
  to   space 370176K, 0% used [0x0000000785d80000,0x0000000785d80000,0x000000079c700000)
 ParOldGen       total 1276416K, used 728126K [0x00000004c0000000, 0x000000050de80000, 0x00000006c0000000)
  object space 1276416K, 57% used [0x00000004c0000000,0x00000004ec70fa38,0x000000050de80000)
 Metaspace       used 11479K, capacity 11588K, committed 11776K, reserved 1060864K
  class space    used 1130K, capacity 1176K, committed 1280K, reserved 1048576K
}
Event: 69.681 GC heap before
{Heap before GC invocations=14 (full 2):
 PSYoungGen      total 2605568K, used 2445386K [0x00000006c0000000, 0x000000079c700000, 0x00000007c0000000)
  eden space 2392064K, 100% used [0x00000006c0000000,0x0000000752000000,0x0000000752000000)
  from space 213504K, 24% used [0x0000000752000000,0x00000007554128d8,0x000000075f080000)
  to   space 370176K, 0% used [0x0000000785d80000,0x0000000785d80000,0x000000079c700000)
 ParOldGen       total 1276416K, used 728126K [0x00000004c0000000, 0x000000050de80000, 0x00000006c0000000)
  object space 1276416K, 57% used [0x00000004c0000000,0x00000004ec70fa38,0x000000050de80000)
 Metaspace       used 11601K, capacity 11748K, committed 12032K, reserved 1060864K
  class space    used 1139K, capacity 1208K, committed 1280K, reserved 1048576K
Event: 74.557 GC heap after
Heap after GC invocations=14 (full 2):
 PSYoungGen      total 2605568K, used 2445386K [0x00000006c0000000, 0x000000079c700000, 0x00000007c0000000)
  eden space 2392064K, 100% used [0x00000006c0000000,0x0000000752000000,0x0000000752000000)
  from space 213504K, 24% used [0x0000000752000000,0x00000007554128d8,0x000000075f080000)
  to   space 370176K, 99% used [0x0000000785d80000,0x000000079c6f9f18,0x000000079c700000)
 ParOldGen       total 1698304K, used 1696395K [0x00000004c0000000, 0x0000000527a80000, 0x00000006c0000000)
  object space 1698304K, 99% used [0x00000004c0000000,0x00000005278a2ed0,0x0000000527a80000)
 Metaspace       used 11601K, capacity 11748K, committed 12032K, reserved 1060864K
  class space    used 1139K, capacity 1208K, committed 1280K, reserved 1048576K
}
Event: 74.558 GC heap before
{Heap before GC invocations=15 (full 3):
 PSYoungGen      total 2605568K, used 2445386K [0x00000006c0000000, 0x000000079c700000, 0x00000007c0000000)
  eden space 2392064K, 100% used [0x00000006c0000000,0x0000000752000000,0x0000000752000000)
  from space 213504K, 24% used [0x0000000752000000,0x00000007554128d8,0x000000075f080000)
  to   space 370176K, 99% used [0x0000000785d80000,0x000000079c6f9f18,0x000000079c700000)
 ParOldGen       total 1698304K, used 1696395K [0x00000004c0000000, 0x0000000527a80000, 0x00000006c0000000)
  object space 1698304K, 99% used [0x00000004c0000000,0x00000005278a2ed0,0x0000000527a80000)
 Metaspace       used 11601K, capacity 11748K, committed 12032K, reserved 1060864K
  class space    used 1139K, capacity 1208K, committed 1280K, reserved 1048576K

