# JRE version: OpenJDK Runtime Environment (8.0_222-b10) (build 1.8.0_222-8u222-b10-1ubuntu1~16.04.1-b10)
# Java VM: OpenJDK 64-Bit Server VM (25.222-b10 mixed mode linux-amd64 compressed oops)
Heap:
 PSYoungGen      total 2230784K, used 0K [0x00000006c1400000, 0x00000007a9680000, 0x00000007c0000000)
  eden space 866304K, 0% used [0x00000006c1400000,0x00000006c1400000,0x00000006f6200000)
  from space 1364480K, 0% used [0x00000006f6200000,0x00000006f6200000,0x0000000749680000)
  to   space 1391104K, 0% used [0x0000000754800000,0x0000000754800000,0x00000007a9680000)
 ParOldGen       total 3993600K, used 3942905K [0x00000004c3c00000, 0x00000005b7800000, 0x00000006c1400000)
  object space 3993600K, 98% used [0x00000004c3c00000,0x00000005b467e690,0x00000005b7800000)
 Metaspace       used 13572K, capacity 13974K, committed 14208K, reserved 1062912K
  class space    used 1536K, capacity 1646K, committed 1664K, reserved 1048576K
GC Heap History (10 events):
Event: 105.831 GC heap after
Heap after GC invocations=32 (full 7):
 PSYoungGen      total 1795072K, used 91165K [0x00000006c1400000, 0x000000077a280000, 0x00000007c0000000)
  eden space 883200K, 0% used [0x00000006c1400000,0x00000006c1400000,0x00000006f7280000)
  from space 911872K, 9% used [0x00000006f7280000,0x00000006fcb87580,0x000000072ed00000)
  to   space 1005568K, 0% used [0x000000073cc80000,0x000000073cc80000,0x000000077a280000)
 ParOldGen       total 3993600K, used 2977022K [0x00000004c3c00000, 0x00000005b7800000, 0x00000006c1400000)
  object space 3993600K, 74% used [0x00000004c3c00000,0x000000057973fa18,0x00000005b7800000)
 Metaspace       used 13565K, capacity 13974K, committed 14208K, reserved 1062912K
  class space    used 1536K, capacity 1646K, committed 1664K, reserved 1048576K
}
Event: 110.849 GC heap before
{Heap before GC invocations=33 (full 7):
 PSYoungGen      total 1795072K, used 974365K [0x00000006c1400000, 0x000000077a280000, 0x00000007c0000000)
  eden space 883200K, 100% used [0x00000006c1400000,0x00000006f7280000,0x00000006f7280000)
  from space 911872K, 9% used [0x00000006f7280000,0x00000006fcb87580,0x000000072ed00000)
  to   space 1005568K, 0% used [0x000000073cc80000,0x000000073cc80000,0x000000077a280000)
 ParOldGen       total 3993600K, used 2977022K [0x00000004c3c00000, 0x00000005b7800000, 0x00000006c1400000)
  object space 3993600K, 74% used [0x00000004c3c00000,0x000000057973fa18,0x00000005b7800000)
 Metaspace       used 13567K, capacity 13974K, committed 14208K, reserved 1062912K
  class space    used 1536K, capacity 1646K, committed 1664K, reserved 1048576K
Event: 111.311 GC heap after
Heap after GC invocations=33 (full 7):
 PSYoungGen      total 1926656K, used 481638K [0x00000006c1400000, 0x0000000774f00000, 0x00000007c0000000)
  eden space 1006592K, 0% used [0x00000006c1400000,0x00000006c1400000,0x00000006feb00000)
  from space 920064K, 52% used [0x000000073cc80000,0x000000075a2d9a10,0x0000000774f00000)
  to   space 968704K, 0% used [0x00000006feb00000,0x00000006feb00000,0x0000000739d00000)
 ParOldGen       total 3993600K, used 2977022K [0x00000004c3c00000, 0x00000005b7800000, 0x00000006c1400000)
  object space 3993600K, 74% used [0x00000004c3c00000,0x000000057973fa18,0x00000005b7800000)
 Metaspace       used 13567K, capacity 13974K, committed 14208K, reserved 1062912K
  class space    used 1536K, capacity 1646K, committed 1664K, reserved 1048576K
}
Event: 117.132 GC heap before
{Heap before GC invocations=34 (full 7):
 PSYoungGen      total 1926656K, used 1488230K [0x00000006c1400000, 0x0000000774f00000, 0x00000007c0000000)
  eden space 1006592K, 100% used [0x00000006c1400000,0x00000006feb00000,0x00000006feb00000)
  from space 920064K, 52% used [0x000000073cc80000,0x000000075a2d9a10,0x0000000774f00000)
  to   space 968704K, 0% used [0x00000006feb00000,0x00000006feb00000,0x0000000739d00000)
 ParOldGen       total 3993600K, used 2977022K [0x00000004c3c00000, 0x00000005b7800000, 0x00000006c1400000)
  object space 3993600K, 74% used [0x00000004c3c00000,0x000000057973fa18,0x00000005b7800000)
 Metaspace       used 13567K, capacity 13974K, committed 14208K, reserved 1062912K
  class space    used 1536K, capacity 1646K, committed 1664K, reserved 1048576K
Event: 117.432 GC heap after
Heap after GC invocations=34 (full 7):
 PSYoungGen      total 1975296K, used 925100K [0x00000006c1400000, 0x000000078c680000, 0x00000007c0000000)
  eden space 1006592K, 0% used [0x00000006c1400000,0x00000006c1400000,0x00000006feb00000)
  from space 968704K, 95% used [0x00000006feb00000,0x000000073726b2b0,0x0000000739d00000)
  to   space 1097728K, 0% used [0x0000000749680000,0x0000000749680000,0x000000078c680000)
 ParOldGen       total 3993600K, used 2977022K [0x00000004c3c00000, 0x00000005b7800000, 0x00000006c1400000)
  object space 3993600K, 74% used [0x00000004c3c00000,0x000000057973fa18,0x00000005b7800000)
 Metaspace       used 13567K, capacity 13974K, committed 14208K, reserved 1062912K
  class space    used 1536K, capacity 1646K, committed 1664K, reserved 1048576K
}
Event: 123.276 GC heap before
{Heap before GC invocations=35 (full 7):
 PSYoungGen      total 1975296K, used 1931692K [0x00000006c1400000, 0x000000078c680000, 0x00000007c0000000)
  eden space 1006592K, 100% used [0x00000006c1400000,0x00000006feb00000,0x00000006feb00000)
  from space 968704K, 95% used [0x00000006feb00000,0x000000073726b2b0,0x0000000739d00000)
  to   space 1097728K, 0% used [0x0000000749680000,0x0000000749680000,0x000000078c680000)
 ParOldGen       total 3993600K, used 2977022K [0x00000004c3c00000, 0x00000005b7800000, 0x00000006c1400000)
  object space 3993600K, 74% used [0x00000004c3c00000,0x000000057973fa18,0x00000005b7800000)
 Metaspace       used 13570K, capacity 13974K, committed 14208K, reserved 1062912K
  class space    used 1536K, capacity 1646K, committed 1664K, reserved 1048576K
Event: 128.489 GC heap after
Heap after GC invocations=35 (full 7):
 PSYoungGen      total 1964032K, used 1097711K [0x00000006c1400000, 0x00000007af500000, 0x00000007c0000000)
  eden space 866304K, 0% used [0x00000006c1400000,0x00000006c1400000,0x00000006f6200000)
  from space 1097728K, 99% used [0x0000000749680000,0x000000078c67bcb0,0x000000078c680000)
  to   space 1364480K, 0% used [0x00000006f6200000,0x00000006f6200000,0x0000000749680000)
 ParOldGen       total 3993600K, used 3245746K [0x00000004c3c00000, 0x00000005b7800000, 0x00000006c1400000)
  object space 3993600K, 81% used [0x00000004c3c00000,0x0000000589dac928,0x00000005b7800000)
 Metaspace       used 13570K, capacity 13974K, committed 14208K, reserved 1062912K
  class space    used 1536K, capacity 1646K, committed 1664K, reserved 1048576K
}
Event: 142.377 GC heap before
{Heap before GC invocations=36 (full 7):
 PSYoungGen      total 1964032K, used 1964015K [0x00000006c1400000, 0x00000007af500000, 0x00000007c0000000)
  eden space 866304K, 100% used [0x00000006c1400000,0x00000006f6200000,0x00000006f6200000)
  from space 1097728K, 99% used [0x0000000749680000,0x000000078c67bcb0,0x000000078c680000)
  to   space 1364480K, 0% used [0x00000006f6200000,0x00000006f6200000,0x0000000749680000)
 ParOldGen       total 3993600K, used 3245746K [0x00000004c3c00000, 0x00000005b7800000, 0x00000006c1400000)
  object space 3993600K, 81% used [0x00000004c3c00000,0x0000000589dac928,0x00000005b7800000)
 Metaspace       used 13572K, capacity 13974K, committed 14208K, reserved 1062912K
  class space    used 1536K, capacity 1646K, committed 1664K, reserved 1048576K
Event: 152.077 GC heap after
Heap after GC invocations=36 (full 7):
 PSYoungGen      total 2230784K, used 991982K [0x00000006c1400000, 0x00000007a9680000, 0x00000007c0000000)
  eden space 866304K, 0% used [0x00000006c1400000,0x00000006c1400000,0x00000006f6200000)
  from space 1364480K, 72% used [0x00000006f6200000,0x0000000732abb870,0x0000000749680000)
  to   space 1391104K, 0% used [0x0000000754800000,0x0000000754800000,0x00000007a9680000)
 ParOldGen       total 3993600K, used 3728360K [0x00000004c3c00000, 0x00000005b7800000, 0x00000006c1400000)
  object space 3993600K, 93% used [0x00000004c3c00000,0x00000005a74fa338,0x00000005b7800000)
 Metaspace       used 13572K, capacity 13974K, committed 14208K, reserved 1062912K
  class space    used 1536K, capacity 1646K, committed 1664K, reserved 1048576K
}
Event: 152.079 GC heap before
{Heap before GC invocations=37 (full 8):
 PSYoungGen      total 2230784K, used 991982K [0x00000006c1400000, 0x00000007a9680000, 0x00000007c0000000)
  eden space 866304K, 0% used [0x00000006c1400000,0x00000006c1400000,0x00000006f6200000)
  from space 1364480K, 72% used [0x00000006f6200000,0x0000000732abb870,0x0000000749680000)
  to   space 1391104K, 0% used [0x0000000754800000,0x0000000754800000,0x00000007a9680000)
 ParOldGen       total 3993600K, used 3728360K [0x00000004c3c00000, 0x00000005b7800000, 0x00000006c1400000)
  object space 3993600K, 93% used [0x00000004c3c00000,0x00000005a74fa338,0x00000005b7800000)
 Metaspace       used 13572K, capacity 13974K, committed 14208K, reserved 1062912K
  class space    used 1536K, capacity 1646K, committed 1664K, reserved 1048576K

